[2025-11-19 14:18:13.445] [CORC] [info] ===============================================
[2025-11-19 14:18:13.445] [CORC] [info] ============ Start logging session ============
[2025-11-19 14:18:13.445] [CORC] [warning] Running without root privilege: using non-RT priority threads
[2025-11-19 14:18:13.445] [CORC] [info] vcan0: -
[2025-11-19 14:18:13.445] [CORC] [info] can0: up
[2025-11-19 14:18:13.445] [CORC] [info] Using: can0 (3)
[2025-11-19 14:18:13.445] [CORC] [info] Starting CANopen device with Node ID 80
[2025-11-19 14:18:13.445] [CORC] [info] Using default robot parameters (no YAML file specified).
[2025-11-19 14:18:13.445] [CORC] [info] Could not open joystick (/dev/input/js0)
[2025-11-19 14:18:13.445] [CORC] [info] CORC Start application
[2025-11-19 14:18:13.445] [CORC] [info] Application thread running at 500Hz.
[2025-11-19 14:18:14.527] [CORC] [info] Starting logger M2MachineLog (Time (s), Position_1, Position_2, Velocity_1, Velocity_2, Force_1, Force_2)
[2025-11-19 14:18:14.527] [CORC] [info] Initialised network communication server (0.0.0.0:2048) for M2 robot (state size: 7)
[2025-11-19 14:18:14.527] [CORC] [info] Starting logger M2MachineLog (Time (s), Position_1, Position_2, Velocity_1, Velocity_2, Force_1, Force_2)
[2025-11-19 14:18:14.527] [CORC] [info] Entering M2 Calib State state...
[2025-11-19 14:18:19.012] [CORC] [info] [FourierForceSensor::calibrate]: Force Sensor 3 succesfully zeroed with offset 1510.7116040955632.
[2025-11-19 14:18:21.014] [CORC] [info] [FourierForceSensor::calibrate]: Force Sensor 4 succesfully zeroed with offset 1500.7747747747749.
[2025-11-19 14:18:21.014] [CORC] [warning] Applicaton thread time overflow: 4003.424ms (>2.0ms) !
[2025-11-19 14:18:21.016] [CORC] [info] Exited M2 Calib State state...
[2025-11-19 14:18:21.016] [CORC] [info] Entering M2 Standby state...
[2025-11-19 14:18:21.040] [CORC] [warning] Applicaton thread time overflow: 23.787ms (>2.0ms) !
[2025-11-19 14:18:28.617] [CORC] [info] [TRANS] accepting BGIN -> toProb
[2025-11-19 14:18:28.617] [CORC] [info] Exited M2 Standby state...
[2025-11-19 14:18:28.617] [CORC] [info] Entering M2 Probabilistic Move state...
[2025-11-19 14:18:28.641] [CORC] [info] [STATIC] Loaded 0 up and 536 left perturbation samples (hard-coded).
[2025-11-19 14:18:28.641] [CORC] [info] [SCHEDULE] Built seeded schedule (total=10, leftCount=5, seed=1456070, attempts=1)
[2025-11-19 14:18:28.641] [CORC] [warning] Applicaton thread time overflow: 23.844ms (>2.0ms) !
[2025-11-19 14:18:30.382] [CORC] [info] TO_A -> WAIT_START (betweenTrials=1)
[2025-11-19 14:18:30.642] [CORC] [info] WAIT_START cfg: pLeft=0.500, mode=1, targetSucc=10, maxTrials=10, V1=0/0, V2Score=0.000(0), finishedFlag=0
[2025-11-19 14:18:32.643] [CORC] [info] WAIT_START cfg: pLeft=0.500, mode=1, targetSucc=10, maxTrials=10, V1=0/0, V2Score=0.000(0), finishedFlag=0
[2025-11-19 14:18:34.644] [CORC] [info] WAIT_START cfg: pLeft=0.500, mode=1, targetSucc=10, maxTrials=10, V1=0/0, V2Score=0.000(0), finishedFlag=0
[2025-11-19 14:18:36.645] [CORC] [info] WAIT_START cfg: pLeft=0.500, mode=1, targetSucc=10, maxTrials=10, V1=0/0, V2Score=0.000(0), finishedFlag=0
[2025-11-19 14:18:38.646] [CORC] [info] WAIT_START cfg: pLeft=0.500, mode=1, targetSucc=10, maxTrials=10, V1=0/0, V2Score=0.000(0), finishedFlag=0
[2025-11-19 14:18:39.180] [CORC] [info] GLOBAL: STRT captured (pendingStart=1, t=10.562)
[2025-11-19 14:18:39.181] [CORC] [info] WAIT_START: pendingStart consumed -> TRIAL (atA_hold=1)
[2025-11-19 14:18:39.182] [CORC] [info] TRIAL direction (deterministic): UP
[2025-11-19 14:18:39.182] [CORC] [info] TRBBBBB
[2025-11-19 14:18:39.182] [CORC] [info] TRIAL_BEGIN cfg: pLeft=0.500, mode=1, targetSucc=10, maxTrials=10, V1=0/0, V2Score=0.000(0)
[2025-11-19 14:18:39.182] [CORC] [info] TRPPPP
[2025-11-19 14:18:39.682] [CORC] [info] TRPPPP
[2025-11-19 14:18:39.682] [CORC] [info] TREEEEEE
[2025-11-19 14:18:39.682] [CORC] [info] [TREN SEND] (t=11.0646, dur=0.50019, reached=1, dist=0.0572778, effort=13.3235, trialScore=1, mode=1, cur=1, max=10, v1_suc=1, v1_tar=10, v2_sco=0, dirCode=1)
[2025-11-19 14:18:39.682] [CORC] [info] TRIAL: finished (reachedC=true, timeout=true) -> WAIT_START. Awaiting STRT.
[2025-11-19 14:18:40.646] [CORC] [info] WAIT_START cfg: pLeft=0.500, mode=1, targetSucc=10, maxTrials=10, V1=1/1, V2Score=0.000(0), finishedFlag=0
[2025-11-19 14:18:41.726] [CORC] [info] GLOBAL: RSTA -> TO_A
[2025-11-19 14:18:41.976] [CORC] [info] TO_A -> WAIT_START (betweenTrials=1)
[2025-11-19 14:18:42.648] [CORC] [info] WAIT_START cfg: pLeft=0.500, mode=1, targetSucc=10, maxTrials=10, V1=1/1, V2Score=0.000(0), finishedFlag=0
[2025-11-19 14:18:44.649] [CORC] [info] WAIT_START cfg: pLeft=0.500, mode=1, targetSucc=10, maxTrials=10, V1=1/1, V2Score=0.000(0), finishedFlag=0
[2025-11-19 14:18:46.650] [CORC] [info] WAIT_START cfg: pLeft=0.500, mode=1, targetSucc=10, maxTrials=10, V1=1/1, V2Score=0.000(0), finishedFlag=0
[2025-11-19 14:18:47.152] [CORC] [info] GLOBAL: STRT captured (pendingStart=1, t=18.535)
[2025-11-19 14:18:47.153] [CORC] [info] WAIT_START: pendingStart consumed -> TRIAL (atA_hold=1)
[2025-11-19 14:18:47.154] [CORC] [info] TRIAL direction (deterministic): UP
[2025-11-19 14:18:47.154] [CORC] [info] TRBBBBB
[2025-11-19 14:18:47.154] [CORC] [info] TRIAL_BEGIN cfg: pLeft=0.500, mode=1, targetSucc=10, maxTrials=10, V1=1/1, V2Score=0.000(0)
[2025-11-19 14:18:47.154] [CORC] [info] TRPPPP
[2025-11-19 14:18:47.654] [CORC] [info] TRPPPP
[2025-11-19 14:18:47.654] [CORC] [info] TREEEEEE
[2025-11-19 14:18:47.654] [CORC] [info] [TREN SEND] (t=19.0367, dur=0.500199, reached=1, dist=0.00877863, effort=5.19686, trialScore=1, mode=1, cur=2, max=10, v1_suc=2, v1_tar=10, v2_sco=0, dirCode=1)
[2025-11-19 14:18:47.654] [CORC] [info] TRIAL: finished (reachedC=true, timeout=true) -> WAIT_START. Awaiting STRT.
[2025-11-19 14:18:48.651] [CORC] [info] WAIT_START cfg: pLeft=0.500, mode=1, targetSucc=10, maxTrials=10, V1=2/2, V2Score=0.000(0), finishedFlag=0
[2025-11-19 14:18:49.701] [CORC] [info] GLOBAL: RSTA -> TO_A
[2025-11-19 14:18:49.951] [CORC] [info] TO_A -> WAIT_START (betweenTrials=1)
[2025-11-19 14:18:50.651] [CORC] [info] WAIT_START cfg: pLeft=0.500, mode=1, targetSucc=10, maxTrials=10, V1=2/2, V2Score=0.000(0), finishedFlag=0
[2025-11-19 14:18:52.653] [CORC] [info] WAIT_START cfg: pLeft=0.500, mode=1, targetSucc=10, maxTrials=10, V1=2/2, V2Score=0.000(0), finishedFlag=0
[2025-11-19 14:18:54.654] [CORC] [info] WAIT_START cfg: pLeft=0.500, mode=1, targetSucc=10, maxTrials=10, V1=2/2, V2Score=0.000(0), finishedFlag=0
[2025-11-19 14:18:55.114] [CORC] [info] GLOBAL: STRT captured (pendingStart=1, t=26.497)
[2025-11-19 14:18:55.115] [CORC] [info] WAIT_START: pendingStart consumed -> TRIAL (atA_hold=1)
[2025-11-19 14:18:55.116] [CORC] [info] TRIAL direction (deterministic): LEFT
[2025-11-19 14:18:55.116] [CORC] [info] TRBBBBB
[2025-11-19 14:18:55.116] [CORC] [info] TRIAL_BEGIN cfg: pLeft=0.500, mode=1, targetSucc=10, maxTrials=10, V1=2/2, V2Score=0.000(0)
[2025-11-19 14:18:55.116] [CORC] [info] TRPPPP
[2025-11-19 14:18:55.616] [CORC] [info] TRPPPP
[2025-11-19 14:18:55.616] [CORC] [info] TREEEEEE
[2025-11-19 14:18:55.616] [CORC] [info] [TREN SEND] (t=26.9989, dur=0.500252, reached=0, dist=0.14209, effort=156.762, trialScore=0, mode=1, cur=3, max=10, v1_suc=2, v1_tar=10, v2_sco=0, dirCode=-1)
[2025-11-19 14:18:55.616] [CORC] [info] TRIAL: finished (reachedC=false, timeout=true) -> WAIT_START. Awaiting STRT.
[2025-11-19 14:18:56.655] [CORC] [info] WAIT_START cfg: pLeft=0.500, mode=1, targetSucc=10, maxTrials=10, V1=2/3, V2Score=0.000(0), finishedFlag=0
[2025-11-19 14:18:57.635] [CORC] [info] GLOBAL: RSTA -> TO_A
[2025-11-19 14:18:57.885] [CORC] [info] TO_A -> WAIT_START (betweenTrials=1)
[2025-11-19 14:18:58.655] [CORC] [info] WAIT_START cfg: pLeft=0.500, mode=1, targetSucc=10, maxTrials=10, V1=2/3, V2Score=0.000(0), finishedFlag=0
[2025-11-19 14:19:00.656] [CORC] [info] WAIT_START cfg: pLeft=0.500, mode=1, targetSucc=10, maxTrials=10, V1=2/3, V2Score=0.000(0), finishedFlag=0
[2025-11-19 14:19:02.658] [CORC] [info] WAIT_START cfg: pLeft=0.500, mode=1, targetSucc=10, maxTrials=10, V1=2/3, V2Score=0.000(0), finishedFlag=0
[2025-11-19 14:19:03.054] [CORC] [info] GLOBAL: STRT captured (pendingStart=1, t=34.436)
[2025-11-19 14:19:03.056] [CORC] [info] WAIT_START: pendingStart consumed -> TRIAL (atA_hold=1)
[2025-11-19 14:19:03.056] [CORC] [warning] Applicaton thread time overflow: 2.579ms (>2.0ms) !
[2025-11-19 14:19:03.056] [CORC] [info] TRIAL direction (deterministic): LEFT
[2025-11-19 14:19:03.056] [CORC] [info] TRBBBBB
[2025-11-19 14:19:03.056] [CORC] [info] TRIAL_BEGIN cfg: pLeft=0.500, mode=1, targetSucc=10, maxTrials=10, V1=2/3, V2Score=0.000(0)
[2025-11-19 14:19:03.057] [CORC] [info] TRPPPP
[2025-11-19 14:19:03.557] [CORC] [info] TRPPPP
[2025-11-19 14:19:03.557] [CORC] [info] TREEEEEE
[2025-11-19 14:19:03.557] [CORC] [info] [TREN SEND] (t=34.9393, dur=0.500221, reached=1, dist=0.0363263, effort=141.308, trialScore=1, mode=1, cur=4, max=10, v1_suc=3, v1_tar=10, v2_sco=0, dirCode=-1)
[2025-11-19 14:19:03.557] [CORC] [info] TRIAL: finished (reachedC=true, timeout=true) -> WAIT_START. Awaiting STRT.
[2025-11-19 14:19:04.659] [CORC] [info] WAIT_START cfg: pLeft=0.500, mode=1, targetSucc=10, maxTrials=10, V1=3/4, V2Score=0.000(0), finishedFlag=0
[2025-11-19 14:19:05.617] [CORC] [info] GLOBAL: RSTA -> TO_A
[2025-11-19 14:19:05.868] [CORC] [info] TO_A -> WAIT_START (betweenTrials=1)
[2025-11-19 14:19:06.660] [CORC] [info] WAIT_START cfg: pLeft=0.500, mode=1, targetSucc=10, maxTrials=10, V1=3/4, V2Score=0.000(0), finishedFlag=0
[2025-11-19 14:19:08.661] [CORC] [info] WAIT_START cfg: pLeft=0.500, mode=1, targetSucc=10, maxTrials=10, V1=3/4, V2Score=0.000(0), finishedFlag=0
[2025-11-19 14:19:10.662] [CORC] [info] WAIT_START cfg: pLeft=0.500, mode=1, targetSucc=10, maxTrials=10, V1=3/4, V2Score=0.000(0), finishedFlag=0
[2025-11-19 14:19:11.046] [CORC] [info] GLOBAL: STRT captured (pendingStart=1, t=42.429)
[2025-11-19 14:19:11.909] [CORC] [info] WAIT_START: pendingStart consumed -> TRIAL (atA_hold=1)
[2025-11-19 14:19:11.909] [CORC] [warning] Applicaton thread time overflow: 2.363ms (>2.0ms) !
[2025-11-19 14:19:11.909] [CORC] [info] TRIAL direction (deterministic): UP
[2025-11-19 14:19:11.909] [CORC] [info] TRBBBBB
[2025-11-19 14:19:11.909] [CORC] [info] TRIAL_BEGIN cfg: pLeft=0.500, mode=1, targetSucc=10, maxTrials=10, V1=3/4, V2Score=0.000(0)
[2025-11-19 14:19:11.909] [CORC] [info] TRPPPP
[2025-11-19 14:19:12.409] [CORC] [info] TRPPPP
[2025-11-19 14:19:12.409] [CORC] [info] TREEEEEE
[2025-11-19 14:19:12.410] [CORC] [info] [TREN SEND] (t=43.792, dur=0.500201, reached=1, dist=0.00224752, effort=27.5604, trialScore=1, mode=1, cur=5, max=10, v1_suc=4, v1_tar=10, v2_sco=0, dirCode=1)
[2025-11-19 14:19:12.410] [CORC] [info] TRIAL: finished (reachedC=true, timeout=true) -> WAIT_START. Awaiting STRT.
[2025-11-19 14:19:12.664] [CORC] [info] WAIT_START cfg: pLeft=0.500, mode=1, targetSucc=10, maxTrials=10, V1=4/5, V2Score=0.000(0), finishedFlag=0
[2025-11-19 14:19:14.443] [CORC] [info] GLOBAL: RSTA -> TO_A
[2025-11-19 14:19:14.693] [CORC] [info] TO_A -> WAIT_START (betweenTrials=1)
[2025-11-19 14:19:16.666] [CORC] [info] WAIT_START cfg: pLeft=0.500, mode=1, targetSucc=10, maxTrials=10, V1=4/5, V2Score=0.000(0), finishedFlag=0
[2025-11-19 14:19:18.667] [CORC] [info] WAIT_START cfg: pLeft=0.500, mode=1, targetSucc=10, maxTrials=10, V1=4/5, V2Score=0.000(0), finishedFlag=0
[2025-11-19 14:19:19.876] [CORC] [info] GLOBAL: STRT captured (pendingStart=1, t=51.259)
[2025-11-19 14:19:19.878] [CORC] [info] WAIT_START: pendingStart consumed -> TRIAL (atA_hold=1)
[2025-11-19 14:19:19.878] [CORC] [info] TRIAL direction (deterministic): LEFT
[2025-11-19 14:19:19.878] [CORC] [info] TRBBBBB
[2025-11-19 14:19:19.878] [CORC] [info] TRIAL_BEGIN cfg: pLeft=0.500, mode=1, targetSucc=10, maxTrials=10, V1=4/5, V2Score=0.000(0)
[2025-11-19 14:19:19.878] [CORC] [info] TRPPPP
[2025-11-19 14:19:20.378] [CORC] [info] TRPPPP
[2025-11-19 14:19:20.379] [CORC] [info] TREEEEEE
[2025-11-19 14:19:20.379] [CORC] [info] [TREN SEND] (t=51.7609, dur=0.500313, reached=0, dist=0.0868266, effort=107.077, trialScore=0, mode=1, cur=6, max=10, v1_suc=4, v1_tar=10, v2_sco=0, dirCode=-1)
[2025-11-19 14:19:20.379] [CORC] [info] TRIAL: finished (reachedC=false, timeout=true) -> WAIT_START. Awaiting STRT.
[2025-11-19 14:19:20.668] [CORC] [info] WAIT_START cfg: pLeft=0.500, mode=1, targetSucc=10, maxTrials=10, V1=4/6, V2Score=0.000(0), finishedFlag=0
[2025-11-19 14:19:22.419] [CORC] [info] GLOBAL: RSTA -> TO_A
[2025-11-19 14:19:22.669] [CORC] [info] TO_A -> WAIT_START (betweenTrials=1)
[2025-11-19 14:19:24.670] [CORC] [info] WAIT_START cfg: pLeft=0.500, mode=1, targetSucc=10, maxTrials=10, V1=4/6, V2Score=0.000(0), finishedFlag=0
[2025-11-19 14:19:26.671] [CORC] [info] WAIT_START cfg: pLeft=0.500, mode=1, targetSucc=10, maxTrials=10, V1=4/6, V2Score=0.000(0), finishedFlag=0
[2025-11-19 14:19:27.847] [CORC] [info] GLOBAL: STRT captured (pendingStart=1, t=59.230)
[2025-11-19 14:19:27.848] [CORC] [info] WAIT_START: pendingStart consumed -> TRIAL (atA_hold=1)
[2025-11-19 14:19:27.849] [CORC] [info] TRIAL direction (deterministic): LEFT
[2025-11-19 14:19:27.849] [CORC] [info] TRBBBBB
[2025-11-19 14:19:27.849] [CORC] [info] TRIAL_BEGIN cfg: pLeft=0.500, mode=1, targetSucc=10, maxTrials=10, V1=4/6, V2Score=0.000(0)
[2025-11-19 14:19:27.849] [CORC] [info] TRPPPP
[2025-11-19 14:19:28.350] [CORC] [info] TRPPPP
[2025-11-19 14:19:28.350] [CORC] [info] TREEEEEE
[2025-11-19 14:19:28.350] [CORC] [info] [TREN SEND] (t=59.7324, dur=0.500279, reached=0, dist=0.0880038, effort=134.124, trialScore=0, mode=1, cur=7, max=10, v1_suc=4, v1_tar=10, v2_sco=0, dirCode=-1)
[2025-11-19 14:19:28.350] [CORC] [info] TRIAL: finished (reachedC=false, timeout=true) -> WAIT_START. Awaiting STRT.
[2025-11-19 14:19:28.672] [CORC] [info] WAIT_START cfg: pLeft=0.500, mode=1, targetSucc=10, maxTrials=10, V1=4/7, V2Score=0.000(0), finishedFlag=0
[2025-11-19 14:19:30.383] [CORC] [info] GLOBAL: RSTA -> TO_A
[2025-11-19 14:19:30.633] [CORC] [info] TO_A -> WAIT_START (betweenTrials=1)
[2025-11-19 14:19:30.673] [CORC] [info] WAIT_START cfg: pLeft=0.500, mode=1, targetSucc=10, maxTrials=10, V1=4/7, V2Score=0.000(0), finishedFlag=0
[2025-11-19 14:19:32.674] [CORC] [info] WAIT_START cfg: pLeft=0.500, mode=1, targetSucc=10, maxTrials=10, V1=4/7, V2Score=0.000(0), finishedFlag=0
[2025-11-19 14:19:34.676] [CORC] [info] WAIT_START cfg: pLeft=0.500, mode=1, targetSucc=10, maxTrials=10, V1=4/7, V2Score=0.000(0), finishedFlag=0
[2025-11-19 14:19:35.813] [CORC] [info] GLOBAL: STRT captured (pendingStart=1, t=67.196)
[2025-11-19 14:19:36.160] [CORC] [info] WAIT_START: pendingStart consumed -> TRIAL (atA_hold=1)
[2025-11-19 14:19:36.161] [CORC] [info] TRIAL direction (deterministic): UP
[2025-11-19 14:19:36.161] [CORC] [info] TRBBBBB
[2025-11-19 14:19:36.161] [CORC] [info] TRIAL_BEGIN cfg: pLeft=0.500, mode=1, targetSucc=10, maxTrials=10, V1=4/7, V2Score=0.000(0)
[2025-11-19 14:19:36.161] [CORC] [info] TRPPPP
[2025-11-19 14:19:36.661] [CORC] [info] TRPPPP
[2025-11-19 14:19:36.662] [CORC] [info] TREEEEEE
[2025-11-19 14:19:36.662] [CORC] [info] [TREN SEND] (t=68.044, dur=0.500294, reached=1, dist=0.020323, effort=29.9155, trialScore=1, mode=1, cur=8, max=10, v1_suc=5, v1_tar=10, v2_sco=0, dirCode=1)
[2025-11-19 14:19:36.662] [CORC] [info] TRIAL: finished (reachedC=true, timeout=true) -> WAIT_START. Awaiting STRT.
[2025-11-19 14:19:36.677] [CORC] [info] WAIT_START cfg: pLeft=0.500, mode=1, targetSucc=10, maxTrials=10, V1=5/8, V2Score=0.000(0), finishedFlag=0
[2025-11-19 14:19:38.678] [CORC] [info] WAIT_START cfg: pLeft=0.500, mode=1, targetSucc=10, maxTrials=10, V1=5/8, V2Score=0.000(0), finishedFlag=0
[2025-11-19 14:19:38.710] [CORC] [info] GLOBAL: RSTA -> TO_A
[2025-11-19 14:19:38.960] [CORC] [info] TO_A -> WAIT_START (betweenTrials=1)
[2025-11-19 14:19:40.680] [CORC] [info] WAIT_START cfg: pLeft=0.500, mode=1, targetSucc=10, maxTrials=10, V1=5/8, V2Score=0.000(0), finishedFlag=0
[2025-11-19 14:19:42.681] [CORC] [info] WAIT_START cfg: pLeft=0.500, mode=1, targetSucc=10, maxTrials=10, V1=5/8, V2Score=0.000(0), finishedFlag=0
[2025-11-19 14:19:44.138] [CORC] [info] GLOBAL: STRT captured (pendingStart=1, t=75.521)
[2025-11-19 14:19:44.139] [CORC] [info] WAIT_START: pendingStart consumed -> TRIAL (atA_hold=1)
[2025-11-19 14:19:44.140] [CORC] [info] TRIAL direction (deterministic): UP
[2025-11-19 14:19:44.140] [CORC] [info] TRBBBBB
[2025-11-19 14:19:44.140] [CORC] [info] TRIAL_BEGIN cfg: pLeft=0.500, mode=1, targetSucc=10, maxTrials=10, V1=5/8, V2Score=0.000(0)
[2025-11-19 14:19:44.140] [CORC] [info] TRPPPP
[2025-11-19 14:19:44.640] [CORC] [info] TRPPPP
[2025-11-19 14:19:44.640] [CORC] [info] TREEEEEE
[2025-11-19 14:19:44.640] [CORC] [info] [TREN SEND] (t=76.0227, dur=0.500168, reached=1, dist=0.00692944, effort=4.75228, trialScore=1, mode=1, cur=9, max=10, v1_suc=6, v1_tar=10, v2_sco=0, dirCode=1)
[2025-11-19 14:19:44.640] [CORC] [info] TRIAL: finished (reachedC=true, timeout=true) -> WAIT_START. Awaiting STRT.
[2025-11-19 14:19:44.682] [CORC] [info] WAIT_START cfg: pLeft=0.500, mode=1, targetSucc=10, maxTrials=10, V1=6/9, V2Score=0.000(0), finishedFlag=0
[2025-11-19 14:19:46.683] [CORC] [info] WAIT_START cfg: pLeft=0.500, mode=1, targetSucc=10, maxTrials=10, V1=6/9, V2Score=0.000(0), finishedFlag=0
[2025-11-19 14:19:46.689] [CORC] [info] GLOBAL: RSTA -> TO_A
[2025-11-19 14:19:46.939] [CORC] [info] TO_A -> WAIT_START (betweenTrials=1)
[2025-11-19 14:19:48.684] [CORC] [info] WAIT_START cfg: pLeft=0.500, mode=1, targetSucc=10, maxTrials=10, V1=6/9, V2Score=0.000(0), finishedFlag=0
[2025-11-19 14:19:50.685] [CORC] [info] WAIT_START cfg: pLeft=0.500, mode=1, targetSucc=10, maxTrials=10, V1=6/9, V2Score=0.000(0), finishedFlag=0
[2025-11-19 14:19:52.105] [CORC] [info] GLOBAL: STRT captured (pendingStart=1, t=83.488)
[2025-11-19 14:19:52.107] [CORC] [info] WAIT_START: pendingStart consumed -> TRIAL (atA_hold=1)
[2025-11-19 14:19:52.107] [CORC] [info] TRIAL direction (deterministic): LEFT
[2025-11-19 14:19:52.107] [CORC] [info] TRBBBBB
[2025-11-19 14:19:52.107] [CORC] [info] TRIAL_BEGIN cfg: pLeft=0.500, mode=1, targetSucc=10, maxTrials=10, V1=6/9, V2Score=0.000(0)
[2025-11-19 14:19:52.107] [CORC] [info] TRPPPP
[2025-11-19 14:19:52.608] [CORC] [info] TRPPPP
[2025-11-19 14:19:52.608] [CORC] [info] TREEEEEE
[2025-11-19 14:19:52.608] [CORC] [info] [TREN SEND] (t=83.9908, dur=0.500899, reached=1, dist=0.0387817, effort=127.441, trialScore=1, mode=1, cur=10, max=10, v1_suc=7, v1_tar=10, v2_sco=0, dirCode=-1)
[2025-11-19 14:19:52.610] [CORC] [info] SESSSSS
[2025-11-19 14:19:52.610] [CORC] [info] Exited M2 Probabilistic Move state...
[2025-11-19 14:19:52.610] [CORC] [info] Entering M2 Standby state...
[2025-11-19 14:19:52.635] [CORC] [warning] Applicaton thread time overflow: 24.889000000000003ms (>2.0ms) !
[2025-11-19 14:20:12.853] [CORC] [info] [TRANS] accepting BGIN -> toProb
[2025-11-19 14:20:12.853] [CORC] [info] Exited M2 Standby state...
[2025-11-19 14:20:12.853] [CORC] [info] Entering M2 Probabilistic Move state...
[2025-11-19 14:20:12.877] [CORC] [info] [STATIC] Loaded 0 up and 536 left perturbation samples (hard-coded).
[2025-11-19 14:20:12.877] [CORC] [info] [SCHEDULE] Built seeded schedule (total=10, leftCount=5, seed=1456070, attempts=1)
[2025-11-19 14:20:12.877] [CORC] [warning] Applicaton thread time overflow: 23.739ms (>2.0ms) !
[2025-11-19 14:20:13.127] [CORC] [info] TO_A -> WAIT_START (betweenTrials=1)
[2025-11-19 14:20:14.878] [CORC] [info] WAIT_START cfg: pLeft=0.500, mode=1, targetSucc=10, maxTrials=10, V1=0/0, V2Score=0.000(0), finishedFlag=0
[2025-11-19 14:20:16.879] [CORC] [info] WAIT_START cfg: pLeft=0.500, mode=1, targetSucc=10, maxTrials=10, V1=0/0, V2Score=0.000(0), finishedFlag=0
[2025-11-19 14:20:16.983] [CORC] [info] [SCHEDULE] Built seeded schedule (total=10, leftCount=5, seed=1456070, attempts=1)
[2025-11-19 14:20:16.983] [CORC] [info] GLOBAL: S_PB applied -> pLeft=0.500
[2025-11-19 14:20:17.763] [CORC] [info] BETWEEN-TRIALS: S_MT -> maxTrials=99
[2025-11-19 14:20:18.880] [CORC] [info] WAIT_START cfg: pLeft=0.500, mode=1, targetSucc=10, maxTrials=99, V1=0/0, V2Score=0.000(0), finishedFlag=0
[2025-11-19 14:20:20.881] [CORC] [info] WAIT_START cfg: pLeft=0.500, mode=1, targetSucc=10, maxTrials=99, V1=0/0, V2Score=0.000(0), finishedFlag=0
[2025-11-19 14:20:22.882] [CORC] [info] WAIT_START cfg: pLeft=0.500, mode=1, targetSucc=10, maxTrials=99, V1=0/0, V2Score=0.000(0), finishedFlag=0
[2025-11-19 14:20:23.460] [CORC] [info] GLOBAL: STRT captured (pendingStart=1, t=10.606)
[2025-11-19 14:20:23.462] [CORC] [info] WAIT_START: pendingStart consumed -> TRIAL (atA_hold=1)
[2025-11-19 14:20:23.462] [CORC] [info] TRIAL direction (deterministic): UP
[2025-11-19 14:20:23.462] [CORC] [info] TRBBBBB
[2025-11-19 14:20:23.462] [CORC] [info] TRIAL_BEGIN cfg: pLeft=0.500, mode=1, targetSucc=10, maxTrials=99, V1=0/0, V2Score=0.000(0)
[2025-11-19 14:20:23.962] [CORC] [info] TREEEEEE
[2025-11-19 14:20:23.963] [CORC] [info] [TREN SEND] (t=11.1087, dur=0.500287, reached=1, dist=0.0243353, effort=7.89475, trialScore=1, mode=1, cur=1, max=99, v1_suc=1, v1_tar=10, v2_sco=0, dirCode=1)
[2025-11-19 14:20:23.963] [CORC] [info] TRIAL: finished (reachedC=true, timeout=true) -> WAIT_START. Awaiting STRT.
[2025-11-19 14:20:24.883] [CORC] [info] WAIT_START cfg: pLeft=0.500, mode=1, targetSucc=10, maxTrials=99, V1=1/1, V2Score=0.000(0), finishedFlag=0
[2025-11-19 14:20:26.011] [CORC] [info] GLOBAL: RSTA -> TO_A
[2025-11-19 14:20:26.261] [CORC] [info] TO_A -> WAIT_START (betweenTrials=1)
[2025-11-19 14:20:26.883] [CORC] [info] WAIT_START cfg: pLeft=0.500, mode=1, targetSucc=10, maxTrials=99, V1=1/1, V2Score=0.000(0), finishedFlag=0
[2025-11-19 14:20:28.884] [CORC] [info] WAIT_START cfg: pLeft=0.500, mode=1, targetSucc=10, maxTrials=99, V1=1/1, V2Score=0.000(0), finishedFlag=0
[2025-11-19 14:20:30.885] [CORC] [info] WAIT_START cfg: pLeft=0.500, mode=1, targetSucc=10, maxTrials=99, V1=1/1, V2Score=0.000(0), finishedFlag=0
[2025-11-19 14:20:31.435] [CORC] [info] GLOBAL: STRT captured (pendingStart=1, t=18.582)
[2025-11-19 14:20:31.436] [CORC] [info] WAIT_START: pendingStart consumed -> TRIAL (atA_hold=1)
[2025-11-19 14:20:31.437] [CORC] [info] TRIAL direction (deterministic): UP
[2025-11-19 14:20:31.437] [CORC] [info] TRBBBBB
[2025-11-19 14:20:31.437] [CORC] [info] TRIAL_BEGIN cfg: pLeft=0.500, mode=1, targetSucc=10, maxTrials=99, V1=1/1, V2Score=0.000(0)
[2025-11-19 14:20:31.938] [CORC] [info] TREEEEEE
[2025-11-19 14:20:31.938] [CORC] [info] [TREN SEND] (t=19.0841, dur=0.500302, reached=1, dist=0.013955, effort=0, trialScore=1, mode=1, cur=2, max=99, v1_suc=2, v1_tar=10, v2_sco=0, dirCode=1)
[2025-11-19 14:20:31.938] [CORC] [info] TRIAL: finished (reachedC=true, timeout=true) -> WAIT_START. Awaiting STRT.
[2025-11-19 14:20:32.886] [CORC] [info] WAIT_START cfg: pLeft=0.500, mode=1, targetSucc=10, maxTrials=99, V1=2/2, V2Score=0.000(0), finishedFlag=0
[2025-11-19 14:20:33.974] [CORC] [info] GLOBAL: RSTA -> TO_A
[2025-11-19 14:20:34.225] [CORC] [info] TO_A -> WAIT_START (betweenTrials=1)
[2025-11-19 14:20:34.887] [CORC] [info] WAIT_START cfg: pLeft=0.500, mode=1, targetSucc=10, maxTrials=99, V1=2/2, V2Score=0.000(0), finishedFlag=0
[2025-11-19 14:20:36.888] [CORC] [info] WAIT_START cfg: pLeft=0.500, mode=1, targetSucc=10, maxTrials=99, V1=2/2, V2Score=0.000(0), finishedFlag=0
[2025-11-19 14:20:38.889] [CORC] [info] WAIT_START cfg: pLeft=0.500, mode=1, targetSucc=10, maxTrials=99, V1=2/2, V2Score=0.000(0), finishedFlag=0
[2025-11-19 14:20:39.415] [CORC] [info] GLOBAL: STRT captured (pendingStart=1, t=26.562)
[2025-11-19 14:20:39.416] [CORC] [info] WAIT_START: pendingStart consumed -> TRIAL (atA_hold=1)
[2025-11-19 14:20:39.417] [CORC] [info] TRIAL direction (deterministic): LEFT
[2025-11-19 14:20:39.417] [CORC] [info] TRBBBBB
[2025-11-19 14:20:39.417] [CORC] [info] TRIAL_BEGIN cfg: pLeft=0.500, mode=1, targetSucc=10, maxTrials=99, V1=2/2, V2Score=0.000(0)
[2025-11-19 14:20:39.918] [CORC] [info] TREEEEEE
[2025-11-19 14:20:39.918] [CORC] [info] [TREN SEND] (t=27.0641, dur=0.500329, reached=1, dist=0.0672555, effort=123.894, trialScore=1, mode=1, cur=3, max=99, v1_suc=3, v1_tar=10, v2_sco=0, dirCode=-1)
[2025-11-19 14:20:39.918] [CORC] [info] TRIAL: finished (reachedC=true, timeout=true) -> WAIT_START. Awaiting STRT.
[2025-11-19 14:20:40.890] [CORC] [info] WAIT_START cfg: pLeft=0.500, mode=1, targetSucc=10, maxTrials=99, V1=3/3, V2Score=0.000(0), finishedFlag=0
[2025-11-19 14:20:41.947] [CORC] [info] GLOBAL: RSTA -> TO_A
[2025-11-19 14:20:42.197] [CORC] [info] TO_A -> WAIT_START (betweenTrials=1)
[2025-11-19 14:20:42.891] [CORC] [info] WAIT_START cfg: pLeft=0.500, mode=1, targetSucc=10, maxTrials=99, V1=3/3, V2Score=0.000(0), finishedFlag=0
[2025-11-19 14:20:44.892] [CORC] [info] WAIT_START cfg: pLeft=0.500, mode=1, targetSucc=10, maxTrials=99, V1=3/3, V2Score=0.000(0), finishedFlag=0
[2025-11-19 14:20:46.893] [CORC] [info] WAIT_START cfg: pLeft=0.500, mode=1, targetSucc=10, maxTrials=99, V1=3/3, V2Score=0.000(0), finishedFlag=0
[2025-11-19 14:20:47.371] [CORC] [info] GLOBAL: STRT captured (pendingStart=1, t=34.518)
[2025-11-19 14:20:47.372] [CORC] [info] WAIT_START: pendingStart consumed -> TRIAL (atA_hold=1)
[2025-11-19 14:20:47.373] [CORC] [info] TRIAL direction (deterministic): LEFT
[2025-11-19 14:20:47.373] [CORC] [info] TRBBBBB
[2025-11-19 14:20:47.373] [CORC] [info] TRIAL_BEGIN cfg: pLeft=0.500, mode=1, targetSucc=10, maxTrials=99, V1=3/3, V2Score=0.000(0)
[2025-11-19 14:20:47.873] [CORC] [info] TREEEEEE
[2025-11-19 14:20:47.873] [CORC] [info] [TREN SEND] (t=35.0198, dur=0.500207, reached=0, dist=0.0945376, effort=122.248, trialScore=0, mode=1, cur=4, max=99, v1_suc=3, v1_tar=10, v2_sco=0, dirCode=-1)
[2025-11-19 14:20:47.873] [CORC] [info] TRIAL: finished (reachedC=false, timeout=true) -> WAIT_START. Awaiting STRT.
[2025-11-19 14:20:48.894] [CORC] [info] WAIT_START cfg: pLeft=0.500, mode=1, targetSucc=10, maxTrials=99, V1=3/4, V2Score=0.000(0), finishedFlag=0
[2025-11-19 14:20:49.908] [CORC] [info] GLOBAL: RSTA -> TO_A
[2025-11-19 14:20:50.158] [CORC] [info] TO_A -> WAIT_START (betweenTrials=1)
[2025-11-19 14:20:50.894] [CORC] [info] WAIT_START cfg: pLeft=0.500, mode=1, targetSucc=10, maxTrials=99, V1=3/4, V2Score=0.000(0), finishedFlag=0
[2025-11-19 14:20:52.895] [CORC] [info] WAIT_START cfg: pLeft=0.500, mode=1, targetSucc=10, maxTrials=99, V1=3/4, V2Score=0.000(0), finishedFlag=0
[2025-11-19 14:20:54.896] [CORC] [info] WAIT_START cfg: pLeft=0.500, mode=1, targetSucc=10, maxTrials=99, V1=3/4, V2Score=0.000(0), finishedFlag=0
[2025-11-19 14:20:55.333] [CORC] [info] GLOBAL: STRT captured (pendingStart=1, t=42.479)
[2025-11-19 14:20:55.334] [CORC] [info] WAIT_START: pendingStart consumed -> TRIAL (atA_hold=1)
[2025-11-19 14:20:55.335] [CORC] [info] TRIAL direction (deterministic): UP
[2025-11-19 14:20:55.335] [CORC] [info] TRBBBBB
[2025-11-19 14:20:55.335] [CORC] [info] TRIAL_BEGIN cfg: pLeft=0.500, mode=1, targetSucc=10, maxTrials=99, V1=3/4, V2Score=0.000(0)
[2025-11-19 14:20:55.835] [CORC] [info] TREEEEEE
[2025-11-19 14:20:55.835] [CORC] [info] [TREN SEND] (t=42.9814, dur=0.500168, reached=1, dist=0.0533916, effort=12.026, trialScore=1, mode=1, cur=5, max=99, v1_suc=4, v1_tar=10, v2_sco=0, dirCode=1)
[2025-11-19 14:20:55.835] [CORC] [info] TRIAL: finished (reachedC=true, timeout=true) -> WAIT_START. Awaiting STRT.
[2025-11-19 14:20:56.898] [CORC] [info] WAIT_START cfg: pLeft=0.500, mode=1, targetSucc=10, maxTrials=99, V1=4/5, V2Score=0.000(0), finishedFlag=0
[2025-11-19 14:20:57.862] [CORC] [info] GLOBAL: RSTA -> TO_A
[2025-11-19 14:20:58.114] [CORC] [info] TO_A -> WAIT_START (betweenTrials=1)
[2025-11-19 14:20:58.899] [CORC] [info] WAIT_START cfg: pLeft=0.500, mode=1, targetSucc=10, maxTrials=99, V1=4/5, V2Score=0.000(0), finishedFlag=0
[2025-11-19 14:21:00.900] [CORC] [info] WAIT_START cfg: pLeft=0.500, mode=1, targetSucc=10, maxTrials=99, V1=4/5, V2Score=0.000(0), finishedFlag=0
[2025-11-19 14:21:02.901] [CORC] [info] WAIT_START cfg: pLeft=0.500, mode=1, targetSucc=10, maxTrials=99, V1=4/5, V2Score=0.000(0), finishedFlag=0
[2025-11-19 14:21:03.295] [CORC] [info] GLOBAL: STRT captured (pendingStart=1, t=50.441)
[2025-11-19 14:21:03.296] [CORC] [info] WAIT_START: pendingStart consumed -> TRIAL (atA_hold=1)
[2025-11-19 14:21:03.297] [CORC] [info] TRIAL direction (deterministic): LEFT
[2025-11-19 14:21:03.297] [CORC] [info] TRBBBBB
[2025-11-19 14:21:03.297] [CORC] [info] TRIAL_BEGIN cfg: pLeft=0.500, mode=1, targetSucc=10, maxTrials=99, V1=4/5, V2Score=0.000(0)
[2025-11-19 14:21:03.797] [CORC] [info] TREEEEEE
[2025-11-19 14:21:03.797] [CORC] [info] [TREN SEND] (t=50.9433, dur=0.500223, reached=0, dist=0.242896, effort=201.715, trialScore=0, mode=1, cur=6, max=99, v1_suc=4, v1_tar=10, v2_sco=0, dirCode=-1)
[2025-11-19 14:21:03.797] [CORC] [info] TRIAL: finished (reachedC=false, timeout=true) -> WAIT_START. Awaiting STRT.
[2025-11-19 14:21:04.901] [CORC] [info] WAIT_START cfg: pLeft=0.500, mode=1, targetSucc=10, maxTrials=99, V1=4/6, V2Score=0.000(0), finishedFlag=0
[2025-11-19 14:21:05.828] [CORC] [info] GLOBAL: RSTA -> TO_A
[2025-11-19 14:21:06.080] [CORC] [info] TO_A -> WAIT_START (betweenTrials=1)
[2025-11-19 14:21:06.902] [CORC] [info] WAIT_START cfg: pLeft=0.500, mode=1, targetSucc=10, maxTrials=99, V1=4/6, V2Score=0.000(0), finishedFlag=0
[2025-11-19 14:21:08.903] [CORC] [info] WAIT_START cfg: pLeft=0.500, mode=1, targetSucc=10, maxTrials=99, V1=4/6, V2Score=0.000(0), finishedFlag=0
[2025-11-19 14:21:10.904] [CORC] [info] WAIT_START cfg: pLeft=0.500, mode=1, targetSucc=10, maxTrials=99, V1=4/6, V2Score=0.000(0), finishedFlag=0
[2025-11-19 14:21:11.262] [CORC] [info] GLOBAL: STRT captured (pendingStart=1, t=58.409)
[2025-11-19 14:21:11.264] [CORC] [info] WAIT_START: pendingStart consumed -> TRIAL (atA_hold=1)
[2025-11-19 14:21:11.264] [CORC] [info] TRIAL direction (deterministic): LEFT
[2025-11-19 14:21:11.264] [CORC] [info] TRBBBBB
[2025-11-19 14:21:11.264] [CORC] [info] TRIAL_BEGIN cfg: pLeft=0.500, mode=1, targetSucc=10, maxTrials=99, V1=4/6, V2Score=0.000(0)
[2025-11-19 14:21:11.765] [CORC] [info] TREEEEEE
[2025-11-19 14:21:11.765] [CORC] [info] [TREN SEND] (t=58.9111, dur=0.500258, reached=0, dist=0.227074, effort=192.993, trialScore=0, mode=1, cur=7, max=99, v1_suc=4, v1_tar=10, v2_sco=0, dirCode=-1)
[2025-11-19 14:21:11.765] [CORC] [info] TRIAL: finished (reachedC=false, timeout=true) -> WAIT_START. Awaiting STRT.
[2025-11-19 14:21:12.905] [CORC] [info] WAIT_START cfg: pLeft=0.500, mode=1, targetSucc=10, maxTrials=99, V1=4/7, V2Score=0.000(0), finishedFlag=0
[2025-11-19 14:21:13.806] [CORC] [info] GLOBAL: RSTA -> TO_A
[2025-11-19 14:21:14.056] [CORC] [info] TO_A -> WAIT_START (betweenTrials=1)
[2025-11-19 14:21:14.907] [CORC] [info] WAIT_START cfg: pLeft=0.500, mode=1, targetSucc=10, maxTrials=99, V1=4/7, V2Score=0.000(0), finishedFlag=0
[2025-11-19 14:21:16.907] [CORC] [info] WAIT_START cfg: pLeft=0.500, mode=1, targetSucc=10, maxTrials=99, V1=4/7, V2Score=0.000(0), finishedFlag=0
[2025-11-19 14:21:18.908] [CORC] [info] WAIT_START cfg: pLeft=0.500, mode=1, targetSucc=10, maxTrials=99, V1=4/7, V2Score=0.000(0), finishedFlag=0
[2025-11-19 14:21:19.230] [CORC] [info] GLOBAL: STRT captured (pendingStart=1, t=66.377)
[2025-11-19 14:21:19.232] [CORC] [info] WAIT_START: pendingStart consumed -> TRIAL (atA_hold=1)
[2025-11-19 14:21:19.232] [CORC] [info] TRIAL direction (deterministic): UP
[2025-11-19 14:21:19.232] [CORC] [info] TRBBBBB
[2025-11-19 14:21:19.232] [CORC] [info] TRIAL_BEGIN cfg: pLeft=0.500, mode=1, targetSucc=10, maxTrials=99, V1=4/7, V2Score=0.000(0)
[2025-11-19 14:21:19.733] [CORC] [info] TREEEEEE
[2025-11-19 14:21:19.733] [CORC] [info] [TREN SEND] (t=66.879, dur=0.500223, reached=1, dist=0.0723129, effort=13.5813, trialScore=1, mode=1, cur=8, max=99, v1_suc=5, v1_tar=10, v2_sco=0, dirCode=1)
[2025-11-19 14:21:19.733] [CORC] [info] TRIAL: finished (reachedC=true, timeout=true) -> WAIT_START. Awaiting STRT.
[2025-11-19 14:21:20.909] [CORC] [info] WAIT_START cfg: pLeft=0.500, mode=1, targetSucc=10, maxTrials=99, V1=5/8, V2Score=0.000(0), finishedFlag=0
[2025-11-19 14:21:21.752] [CORC] [info] GLOBAL: RSTA -> TO_A
[2025-11-19 14:21:22.002] [CORC] [info] TO_A -> WAIT_START (betweenTrials=1)
[2025-11-19 14:21:22.910] [CORC] [info] WAIT_START cfg: pLeft=0.500, mode=1, targetSucc=10, maxTrials=99, V1=5/8, V2Score=0.000(0), finishedFlag=0
[2025-11-19 14:21:24.911] [CORC] [info] WAIT_START cfg: pLeft=0.500, mode=1, targetSucc=10, maxTrials=99, V1=5/8, V2Score=0.000(0), finishedFlag=0
[2025-11-19 14:21:26.912] [CORC] [info] WAIT_START cfg: pLeft=0.500, mode=1, targetSucc=10, maxTrials=99, V1=5/8, V2Score=0.000(0), finishedFlag=0
[2025-11-19 14:21:27.184] [CORC] [info] GLOBAL: STRT captured (pendingStart=1, t=74.330)
[2025-11-19 14:21:27.185] [CORC] [info] WAIT_START: pendingStart consumed -> TRIAL (atA_hold=1)
[2025-11-19 14:21:27.186] [CORC] [info] TRIAL direction (deterministic): UP
[2025-11-19 14:21:27.186] [CORC] [info] TRBBBBB
[2025-11-19 14:21:27.186] [CORC] [info] TRIAL_BEGIN cfg: pLeft=0.500, mode=1, targetSucc=10, maxTrials=99, V1=5/8, V2Score=0.000(0)
[2025-11-19 14:21:27.686] [CORC] [info] TREEEEEE
[2025-11-19 14:21:27.686] [CORC] [info] [TREN SEND] (t=74.8326, dur=0.50026, reached=1, dist=0.0540129, effort=18.7731, trialScore=1, mode=1, cur=9, max=99, v1_suc=6, v1_tar=10, v2_sco=0, dirCode=1)
[2025-11-19 14:21:27.686] [CORC] [info] TRIAL: finished (reachedC=true, timeout=true) -> WAIT_START. Awaiting STRT.
[2025-11-19 14:21:28.913] [CORC] [info] WAIT_START cfg: pLeft=0.500, mode=1, targetSucc=10, maxTrials=99, V1=6/9, V2Score=0.000(0), finishedFlag=0
[2025-11-19 14:21:29.717] [CORC] [info] GLOBAL: RSTA -> TO_A
[2025-11-19 14:21:29.967] [CORC] [info] TO_A -> WAIT_START (betweenTrials=1)
[2025-11-19 14:21:30.914] [CORC] [info] WAIT_START cfg: pLeft=0.500, mode=1, targetSucc=10, maxTrials=99, V1=6/9, V2Score=0.000(0), finishedFlag=0
[2025-11-19 14:21:32.915] [CORC] [info] WAIT_START cfg: pLeft=0.500, mode=1, targetSucc=10, maxTrials=99, V1=6/9, V2Score=0.000(0), finishedFlag=0
[2025-11-19 14:21:34.916] [CORC] [info] WAIT_START cfg: pLeft=0.500, mode=1, targetSucc=10, maxTrials=99, V1=6/9, V2Score=0.000(0), finishedFlag=0
[2025-11-19 14:21:35.148] [CORC] [info] GLOBAL: STRT captured (pendingStart=1, t=82.294)
[2025-11-19 14:21:35.148] [CORC] [info] WAIT_START: pendingStart consumed -> TRIAL (atA_hold=1)
[2025-11-19 14:21:35.149] [CORC] [info] TRIAL direction (deterministic): LEFT
[2025-11-19 14:21:35.150] [CORC] [info] TRBBBBB
[2025-11-19 14:21:35.150] [CORC] [info] TRIAL_BEGIN cfg: pLeft=0.500, mode=1, targetSucc=10, maxTrials=99, V1=6/9, V2Score=0.000(0)
[2025-11-19 14:21:35.650] [CORC] [info] TREEEEEE
[2025-11-19 14:21:35.650] [CORC] [info] [TREN SEND] (t=82.7963, dur=0.500266, reached=0, dist=0.204947, effort=186.909, trialScore=0, mode=1, cur=10, max=99, v1_suc=6, v1_tar=10, v2_sco=0, dirCode=-1)
[2025-11-19 14:21:35.650] [CORC] [info] TRIAL: finished (reachedC=false, timeout=true) -> WAIT_START. Awaiting STRT.
[2025-11-19 14:21:36.917] [CORC] [info] WAIT_START cfg: pLeft=0.500, mode=1, targetSucc=10, maxTrials=99, V1=6/10, V2Score=0.000(0), finishedFlag=0
[2025-11-19 14:21:37.681] [CORC] [info] GLOBAL: RSTA -> TO_A
[2025-11-19 14:21:37.931] [CORC] [info] TO_A -> WAIT_START (betweenTrials=1)
[2025-11-19 14:21:38.918] [CORC] [info] WAIT_START cfg: pLeft=0.500, mode=1, targetSucc=10, maxTrials=99, V1=6/10, V2Score=0.000(0), finishedFlag=0
[2025-11-19 14:21:40.918] [CORC] [info] WAIT_START cfg: pLeft=0.500, mode=1, targetSucc=10, maxTrials=99, V1=6/10, V2Score=0.000(0), finishedFlag=0
[2025-11-19 14:21:42.919] [CORC] [info] WAIT_START cfg: pLeft=0.500, mode=1, targetSucc=10, maxTrials=99, V1=6/10, V2Score=0.000(0), finishedFlag=0
[2025-11-19 14:21:43.093] [CORC] [info] GLOBAL: STRT captured (pendingStart=1, t=90.240)
[2025-11-19 14:21:43.094] [CORC] [info] WAIT_START: pendingStart consumed -> TRIAL (atA_hold=1)
[2025-11-19 14:21:43.095] [CORC] [info] TRIAL direction (deterministic): UP
[2025-11-19 14:21:43.095] [CORC] [info] TRBBBBB
[2025-11-19 14:21:43.095] [CORC] [info] TRIAL_BEGIN cfg: pLeft=0.500, mode=1, targetSucc=10, maxTrials=99, V1=6/10, V2Score=0.000(0)
[2025-11-19 14:21:43.095] [CORC] [info] TRPPPP
[2025-11-19 14:21:43.595] [CORC] [info] TRPPPP
[2025-11-19 14:21:43.595] [CORC] [info] TREEEEEE
[2025-11-19 14:21:43.596] [CORC] [info] [TREN SEND] (t=90.7419, dur=0.500234, reached=0, dist=0.151183, effort=37.3986, trialScore=0, mode=1, cur=11, max=99, v1_suc=6, v1_tar=10, v2_sco=0, dirCode=1)
[2025-11-19 14:21:43.596] [CORC] [info] TRIAL: finished (reachedC=false, timeout=true) -> WAIT_START. Awaiting STRT.
[2025-11-19 14:21:44.920] [CORC] [info] WAIT_START cfg: pLeft=0.500, mode=1, targetSucc=10, maxTrials=99, V1=6/11, V2Score=0.000(0), finishedFlag=0
[2025-11-19 14:21:45.618] [CORC] [info] GLOBAL: RSTA -> TO_A
[2025-11-19 14:21:45.868] [CORC] [info] TO_A -> WAIT_START (betweenTrials=1)
[2025-11-19 14:21:46.921] [CORC] [info] WAIT_START cfg: pLeft=0.500, mode=1, targetSucc=10, maxTrials=99, V1=6/11, V2Score=0.000(0), finishedFlag=0
[2025-11-19 14:21:48.922] [CORC] [info] WAIT_START cfg: pLeft=0.500, mode=1, targetSucc=10, maxTrials=99, V1=6/11, V2Score=0.000(0), finishedFlag=0
[2025-11-19 14:21:50.923] [CORC] [info] WAIT_START cfg: pLeft=0.500, mode=1, targetSucc=10, maxTrials=99, V1=6/11, V2Score=0.000(0), finishedFlag=0
[2025-11-19 14:21:51.049] [CORC] [info] GLOBAL: STRT captured (pendingStart=1, t=98.195)
[2025-11-19 14:21:51.050] [CORC] [info] WAIT_START: pendingStart consumed -> TRIAL (atA_hold=1)
[2025-11-19 14:21:51.051] [CORC] [info] TRIAL direction (deterministic): UP
[2025-11-19 14:21:51.051] [CORC] [info] TRBBBBB
[2025-11-19 14:21:51.051] [CORC] [info] TRIAL_BEGIN cfg: pLeft=0.500, mode=1, targetSucc=10, maxTrials=99, V1=6/11, V2Score=0.000(0)
[2025-11-19 14:21:51.051] [CORC] [info] TRPPPP
[2025-11-19 14:21:51.551] [CORC] [info] TRPPPP
[2025-11-19 14:21:51.551] [CORC] [info] TREEEEEE
[2025-11-19 14:21:51.551] [CORC] [info] [TREN SEND] (t=98.6973, dur=0.500177, reached=1, dist=0.00760174, effort=0, trialScore=1, mode=1, cur=12, max=99, v1_suc=7, v1_tar=10, v2_sco=0, dirCode=1)
[2025-11-19 14:21:51.551] [CORC] [info] TRIAL: finished (reachedC=true, timeout=true) -> WAIT_START. Awaiting STRT.
[2025-11-19 14:21:52.924] [CORC] [info] WAIT_START cfg: pLeft=0.500, mode=1, targetSucc=10, maxTrials=99, V1=7/12, V2Score=0.000(0), finishedFlag=0
[2025-11-19 14:21:53.582] [CORC] [info] GLOBAL: RSTA -> TO_A
[2025-11-19 14:21:53.832] [CORC] [info] TO_A -> WAIT_START (betweenTrials=1)
[2025-11-19 14:21:54.924] [CORC] [info] WAIT_START cfg: pLeft=0.500, mode=1, targetSucc=10, maxTrials=99, V1=7/12, V2Score=0.000(0), finishedFlag=0
[2025-11-19 14:21:56.926] [CORC] [info] WAIT_START cfg: pLeft=0.500, mode=1, targetSucc=10, maxTrials=99, V1=7/12, V2Score=0.000(0), finishedFlag=0
[2025-11-19 14:21:58.927] [CORC] [info] WAIT_START cfg: pLeft=0.500, mode=1, targetSucc=10, maxTrials=99, V1=7/12, V2Score=0.000(0), finishedFlag=0
[2025-11-19 14:21:58.989] [CORC] [info] GLOBAL: STRT captured (pendingStart=1, t=106.135)
[2025-11-19 14:21:58.989] [CORC] [info] WAIT_START: pendingStart consumed -> TRIAL (atA_hold=1)
[2025-11-19 14:21:58.991] [CORC] [info] TRIAL direction (deterministic): LEFT
[2025-11-19 14:21:58.991] [CORC] [info] TRBBBBB
[2025-11-19 14:21:58.991] [CORC] [info] TRIAL_BEGIN cfg: pLeft=0.500, mode=1, targetSucc=10, maxTrials=99, V1=7/12, V2Score=0.000(0)
[2025-11-19 14:21:58.991] [CORC] [info] TRPPPP
[2025-11-19 14:21:59.491] [CORC] [info] TRPPPP
[2025-11-19 14:21:59.491] [CORC] [info] TREEEEEE
[2025-11-19 14:21:59.491] [CORC] [info] [TREN SEND] (t=106.637, dur=0.500207, reached=0, dist=0.168895, effort=159.354, trialScore=0, mode=1, cur=13, max=99, v1_suc=7, v1_tar=10, v2_sco=0, dirCode=-1)
[2025-11-19 14:21:59.491] [CORC] [info] TRIAL: finished (reachedC=false, timeout=true) -> WAIT_START. Awaiting STRT.
[2025-11-19 14:22:00.928] [CORC] [info] WAIT_START cfg: pLeft=0.500, mode=1, targetSucc=10, maxTrials=99, V1=7/13, V2Score=0.000(0), finishedFlag=0
[2025-11-19 14:22:01.527] [CORC] [info] GLOBAL: RSTA -> TO_A
[2025-11-19 14:22:02.972] [CORC] [info] TO_A -> WAIT_START (betweenTrials=1)
[2025-11-19 14:22:04.930] [CORC] [info] WAIT_START cfg: pLeft=0.500, mode=1, targetSucc=10, maxTrials=99, V1=7/13, V2Score=0.000(0), finishedFlag=0
[2025-11-19 14:22:06.932] [CORC] [info] WAIT_START cfg: pLeft=0.500, mode=1, targetSucc=10, maxTrials=99, V1=7/13, V2Score=0.000(0), finishedFlag=0
[2025-11-19 14:22:06.946] [CORC] [info] GLOBAL: STRT captured (pendingStart=1, t=114.092)
[2025-11-19 14:22:06.947] [CORC] [info] WAIT_START: pendingStart consumed -> TRIAL (atA_hold=1)
[2025-11-19 14:22:06.948] [CORC] [info] TRIAL direction (deterministic): LEFT
[2025-11-19 14:22:06.948] [CORC] [info] TRBBBBB
[2025-11-19 14:22:06.948] [CORC] [info] TRIAL_BEGIN cfg: pLeft=0.500, mode=1, targetSucc=10, maxTrials=99, V1=7/13, V2Score=0.000(0)
[2025-11-19 14:22:06.948] [CORC] [info] TRPPPP
[2025-11-19 14:22:07.449] [CORC] [info] TRPPPP
[2025-11-19 14:22:07.449] [CORC] [info] TREEEEEE
[2025-11-19 14:22:07.449] [CORC] [info] [TREN SEND] (t=114.595, dur=0.501214, reached=0, dist=0.346825, effort=97.2897, trialScore=0, mode=1, cur=14, max=99, v1_suc=7, v1_tar=10, v2_sco=0, dirCode=-1)
[2025-11-19 14:22:07.449] [CORC] [info] TRIAL: finished (reachedC=false, timeout=true) -> WAIT_START. Awaiting STRT.
[2025-11-19 14:22:08.933] [CORC] [info] WAIT_START cfg: pLeft=0.500, mode=1, targetSucc=10, maxTrials=99, V1=7/14, V2Score=0.000(0), finishedFlag=0
[2025-11-19 14:22:09.502] [CORC] [info] GLOBAL: RSTA -> TO_A
[2025-11-19 14:22:11.197] [CORC] [info] TO_A -> WAIT_START (betweenTrials=1)
[2025-11-19 14:22:12.935] [CORC] [info] WAIT_START cfg: pLeft=0.500, mode=1, targetSucc=10, maxTrials=99, V1=7/14, V2Score=0.000(0), finishedFlag=0
[2025-11-19 14:22:14.934] [CORC] [info] GLOBAL: STRT captured (pendingStart=1, t=122.080)
[2025-11-19 14:22:14.935] [CORC] [info] WAIT_START: pendingStart consumed -> TRIAL (atA_hold=1)
[2025-11-19 14:22:14.936] [CORC] [info] TRIAL direction (deterministic): UP
[2025-11-19 14:22:14.936] [CORC] [info] TRBBBBB
[2025-11-19 14:22:14.936] [CORC] [info] TRIAL_BEGIN cfg: pLeft=0.500, mode=1, targetSucc=10, maxTrials=99, V1=7/14, V2Score=0.000(0)
[2025-11-19 14:22:14.936] [CORC] [info] TRIAL status: t=0.000, n=0.248, effort=200.000, pLeft=0.500, mode=1, targetSucc=10, maxTrials=99
[2025-11-19 14:22:14.936] [CORC] [info] TRPPPP
[2025-11-19 14:22:15.436] [CORC] [info] TRPPPP
[2025-11-19 14:22:15.436] [CORC] [info] TREEEEEE
[2025-11-19 14:22:15.436] [CORC] [info] [TREN SEND] (t=122.582, dur=0.500188, reached=1, dist=0.0527513, effort=11.5542, trialScore=1, mode=1, cur=15, max=99, v1_suc=8, v1_tar=10, v2_sco=0, dirCode=1)
[2025-11-19 14:22:15.436] [CORC] [info] TRIAL: finished (reachedC=true, timeout=true) -> WAIT_START. Awaiting STRT.
[2025-11-19 14:22:16.937] [CORC] [info] WAIT_START cfg: pLeft=0.500, mode=1, targetSucc=10, maxTrials=99, V1=8/15, V2Score=0.000(0), finishedFlag=0
[2025-11-19 14:22:17.491] [CORC] [info] GLOBAL: RSTA -> TO_A
[2025-11-19 14:22:19.141] [CORC] [info] TO_A -> WAIT_START (betweenTrials=1)
[2025-11-19 14:22:20.938] [CORC] [info] WAIT_START cfg: pLeft=0.500, mode=1, targetSucc=10, maxTrials=99, V1=8/15, V2Score=0.000(0), finishedFlag=0
[2025-11-19 14:22:22.939] [CORC] [info] WAIT_START cfg: pLeft=0.500, mode=1, targetSucc=10, maxTrials=99, V1=8/15, V2Score=0.000(0), finishedFlag=0
[2025-11-19 14:22:23.423] [CORC] [info] GLOBAL: STRT captured (pendingStart=1, t=130.569)
[2025-11-19 14:22:23.424] [CORC] [info] WAIT_START: pendingStart consumed -> TRIAL (atA_hold=1)
[2025-11-19 14:22:23.425] [CORC] [info] TRIAL direction (deterministic): LEFT
[2025-11-19 14:22:23.425] [CORC] [info] TRBBBBB
[2025-11-19 14:22:23.425] [CORC] [info] TRIAL_BEGIN cfg: pLeft=0.500, mode=1, targetSucc=10, maxTrials=99, V1=8/15, V2Score=0.000(0)
[2025-11-19 14:22:23.425] [CORC] [info] TRPPPP
[2025-11-19 14:22:23.925] [CORC] [info] TRPPPP
[2025-11-19 14:22:23.926] [CORC] [info] TREEEEEE
[2025-11-19 14:22:23.926] [CORC] [info] [TREN SEND] (t=131.072, dur=0.500487, reached=0, dist=0.355374, effort=94.2357, trialScore=0, mode=1, cur=16, max=99, v1_suc=8, v1_tar=10, v2_sco=0, dirCode=-1)
[2025-11-19 14:22:23.926] [CORC] [info] TRIAL: finished (reachedC=false, timeout=true) -> WAIT_START. Awaiting STRT.
[2025-11-19 14:22:24.940] [CORC] [info] WAIT_START cfg: pLeft=0.500, mode=1, targetSucc=10, maxTrials=99, V1=8/16, V2Score=0.000(0), finishedFlag=0
[2025-11-19 14:22:26.940] [CORC] [info] WAIT_START cfg: pLeft=0.500, mode=1, targetSucc=10, maxTrials=99, V1=8/16, V2Score=0.000(0), finishedFlag=0
[2025-11-19 14:22:28.941] [CORC] [info] WAIT_START cfg: pLeft=0.500, mode=1, targetSucc=10, maxTrials=99, V1=8/16, V2Score=0.000(0), finishedFlag=0
[2025-11-19 14:22:30.942] [CORC] [info] WAIT_START cfg: pLeft=0.500, mode=1, targetSucc=10, maxTrials=99, V1=8/16, V2Score=0.000(0), finishedFlag=0
[2025-11-19 14:22:32.943] [CORC] [info] WAIT_START cfg: pLeft=0.500, mode=1, targetSucc=10, maxTrials=99, V1=8/16, V2Score=0.000(0), finishedFlag=0
[2025-11-19 14:22:34.944] [CORC] [info] WAIT_START cfg: pLeft=0.500, mode=1, targetSucc=10, maxTrials=99, V1=8/16, V2Score=0.000(0), finishedFlag=0
[2025-11-19 14:22:36.945] [CORC] [info] WAIT_START cfg: pLeft=0.500, mode=1, targetSucc=10, maxTrials=99, V1=8/16, V2Score=0.000(0), finishedFlag=0
[2025-11-19 14:22:38.946] [CORC] [info] WAIT_START cfg: pLeft=0.500, mode=1, targetSucc=10, maxTrials=99, V1=8/16, V2Score=0.000(0), finishedFlag=0
[2025-11-19 14:22:40.694] [CORC] [info] GLOBAL: RSTA -> TO_A
[2025-11-19 14:22:42.399] [CORC] [info] TO_A -> WAIT_START (betweenTrials=1)
[2025-11-19 14:22:42.947] [CORC] [info] WAIT_START cfg: pLeft=0.500, mode=1, targetSucc=10, maxTrials=99, V1=8/16, V2Score=0.000(0), finishedFlag=0
[2025-11-19 14:22:44.948] [CORC] [info] WAIT_START cfg: pLeft=0.500, mode=1, targetSucc=10, maxTrials=99, V1=8/16, V2Score=0.000(0), finishedFlag=0
[2025-11-19 14:22:46.125] [CORC] [info] GLOBAL: STRT captured (pendingStart=1, t=153.271)
[2025-11-19 14:22:46.127] [CORC] [info] WAIT_START: pendingStart consumed -> TRIAL (atA_hold=1)
[2025-11-19 14:22:46.127] [CORC] [warning] Applicaton thread time overflow: 2.316ms (>2.0ms) !
[2025-11-19 14:22:46.127] [CORC] [info] TRIAL direction (deterministic): LEFT
[2025-11-19 14:22:46.127] [CORC] [info] TRBBBBB
[2025-11-19 14:22:46.127] [CORC] [info] TRIAL_BEGIN cfg: pLeft=0.500, mode=1, targetSucc=10, maxTrials=99, V1=8/16, V2Score=0.000(0)
[2025-11-19 14:22:46.127] [CORC] [info] TRPPPP
[2025-11-19 14:22:46.627] [CORC] [info] TRPPPP
[2025-11-19 14:22:46.627] [CORC] [info] TREEEEEE
[2025-11-19 14:22:46.627] [CORC] [info] [TREN SEND] (t=153.774, dur=0.500169, reached=0, dist=0.355778, effort=93.7485, trialScore=0, mode=1, cur=17, max=99, v1_suc=8, v1_tar=10, v2_sco=0, dirCode=-1)
[2025-11-19 14:22:46.627] [CORC] [info] TRIAL: finished (reachedC=false, timeout=true) -> WAIT_START. Awaiting STRT.
[2025-11-19 14:22:46.949] [CORC] [info] WAIT_START cfg: pLeft=0.500, mode=1, targetSucc=10, maxTrials=99, V1=8/17, V2Score=0.000(0), finishedFlag=0
[2025-11-19 14:22:48.662] [CORC] [info] GLOBAL: RSTA -> TO_A
[2025-11-19 14:22:50.367] [CORC] [info] TO_A -> WAIT_START (betweenTrials=1)
[2025-11-19 14:22:50.951] [CORC] [info] WAIT_START cfg: pLeft=0.500, mode=1, targetSucc=10, maxTrials=99, V1=8/17, V2Score=0.000(0), finishedFlag=0
[2025-11-19 14:22:52.952] [CORC] [info] WAIT_START cfg: pLeft=0.500, mode=1, targetSucc=10, maxTrials=99, V1=8/17, V2Score=0.000(0), finishedFlag=0
[2025-11-19 14:22:54.096] [CORC] [info] GLOBAL: STRT captured (pendingStart=1, t=161.243)
[2025-11-19 14:22:54.097] [CORC] [info] WAIT_START: pendingStart consumed -> TRIAL (atA_hold=1)
[2025-11-19 14:22:54.098] [CORC] [info] TRIAL direction (deterministic): UP
[2025-11-19 14:22:54.098] [CORC] [info] TRBBBBB
[2025-11-19 14:22:54.098] [CORC] [info] TRIAL_BEGIN cfg: pLeft=0.500, mode=1, targetSucc=10, maxTrials=99, V1=8/17, V2Score=0.000(0)
[2025-11-19 14:22:54.098] [CORC] [info] TRPPPP
[2025-11-19 14:22:54.599] [CORC] [info] TRPPPP
[2025-11-19 14:22:54.599] [CORC] [info] TREEEEEE
[2025-11-19 14:22:54.599] [CORC] [info] [TREN SEND] (t=161.746, dur=0.500665, reached=1, dist=0.054518, effort=11.7592, trialScore=1, mode=1, cur=18, max=99, v1_suc=9, v1_tar=10, v2_sco=0, dirCode=1)
[2025-11-19 14:22:54.599] [CORC] [info] TRIAL: finished (reachedC=true, timeout=true) -> WAIT_START. Awaiting STRT.
[2025-11-19 14:22:54.953] [CORC] [info] WAIT_START cfg: pLeft=0.500, mode=1, targetSucc=10, maxTrials=99, V1=9/18, V2Score=0.000(0), finishedFlag=0
[2025-11-19 14:22:56.622] [CORC] [info] GLOBAL: RSTA -> TO_A
[2025-11-19 14:22:58.274] [CORC] [info] TO_A -> WAIT_START (betweenTrials=1)
[2025-11-19 14:22:58.954] [CORC] [info] WAIT_START cfg: pLeft=0.500, mode=1, targetSucc=10, maxTrials=99, V1=9/18, V2Score=0.000(0), finishedFlag=0
[2025-11-19 14:23:00.955] [CORC] [info] WAIT_START cfg: pLeft=0.500, mode=1, targetSucc=10, maxTrials=99, V1=9/18, V2Score=0.000(0), finishedFlag=0
[2025-11-19 14:23:02.056] [CORC] [info] GLOBAL: STRT captured (pendingStart=1, t=169.203)
[2025-11-19 14:23:02.058] [CORC] [info] WAIT_START: pendingStart consumed -> TRIAL (atA_hold=1)
[2025-11-19 14:23:02.058] [CORC] [info] TRIAL direction (deterministic): UP
[2025-11-19 14:23:02.058] [CORC] [info] TRBBBBB
[2025-11-19 14:23:02.058] [CORC] [info] TRIAL_BEGIN cfg: pLeft=0.500, mode=1, targetSucc=10, maxTrials=99, V1=9/18, V2Score=0.000(0)
[2025-11-19 14:23:02.058] [CORC] [info] TRPPPP
[2025-11-19 14:23:02.559] [CORC] [info] TRPPPP
[2025-11-19 14:23:02.559] [CORC] [info] TREEEEEE
[2025-11-19 14:23:02.559] [CORC] [info] [TREN SEND] (t=169.705, dur=0.500411, reached=1, dist=0.0519151, effort=13.092, trialScore=1, mode=1, cur=19, max=99, v1_suc=10, v1_tar=10, v2_sco=0, dirCode=1)
[2025-11-19 14:23:02.561] [CORC] [info] SESSSSS
[2025-11-19 14:23:02.561] [CORC] [info] Exited M2 Probabilistic Move state...
[2025-11-19 14:23:02.561] [CORC] [info] Entering M2 Standby state...
[2025-11-19 14:23:02.584] [CORC] [warning] Applicaton thread time overflow: 23.32ms (>2.0ms) !
[2025-11-19 14:24:22.167] [CORC] [info] Exited M2 Standby state...
[2025-11-19 14:24:22.167] [CORC] [info] Disabling robot...
[2025-11-19 14:24:22.167] [CORC] [info] CORC End application
[2025-11-19 14:24:22.668] [CORC] [info] Canopend on can0 (nodeId=80) - finished.
